<?xml version="1.0" encoding="UTF-8"?>
<!-- Generated by org.testng.reporters.JUnitReportReporter -->
<testsuite skipped="0" hostname="DESKTOP-TF5D0AR" name="com.training.sanity.tests.TC023" tests="1" failures="0" timestamp="18 Feb 2019 11:54:15 GMT" time="21.937" errors="0">
  <testcase name="validLoginTest" time="21.937" classname="com.training.sanity.tests.TC023"/>
</testsuite> <!-- com.training.sanity.tests.TC023 -->
