<?xml version="1.0" encoding="UTF-8"?>
<!-- Generated by org.testng.reporters.JUnitReportReporter -->
<testsuite skipped="0" hostname="DESKTOP-TF5D0AR" name="com.training.sanity.tests.CYTC024" tests="1" failures="0" timestamp="17 Feb 2019 12:38:13 GMT" time="7.606" errors="0">
  <testcase name="validLoginTest" time="7.606" classname="com.training.sanity.tests.CYTC024"/>
</testsuite> <!-- com.training.sanity.tests.CYTC024 -->
