<?xml version="1.0" encoding="UTF-8"?>
<!-- Generated by org.testng.reporters.JUnitReportReporter -->
<testsuite skipped="0" hostname="DESKTOP-TF5D0AR" name="com.training.sanity.tests.LoginTests25" tests="1" failures="0" timestamp="17 Feb 2019 16:42:06 GMT" time="16.380" errors="0">
  <testcase name="validLoginTest" time="16.380" classname="com.training.sanity.tests.LoginTests25"/>
</testsuite> <!-- com.training.sanity.tests.LoginTests25 -->
