<?xml version="1.0" encoding="UTF-8"?>
<!-- Generated by org.testng.reporters.JUnitReportReporter -->
<testsuite skipped="0" hostname="DESKTOP-TF5D0AR" name="com.training.sanity.tests.TC053" tests="1" failures="0" timestamp="19 Feb 2019 14:18:02 GMT" time="28.376" errors="0">
  <testcase name="validLoginTest" time="28.376" classname="com.training.sanity.tests.TC053"/>
</testsuite> <!-- com.training.sanity.tests.TC053 -->
