<?xml version="1.0" encoding="UTF-8"?>
<!-- Generated by org.testng.reporters.JUnitReportReporter -->
<testsuite skipped="0" hostname="DESKTOP-TF5D0AR" name="com.training.sanity.tests.TC052" tests="1" failures="0" timestamp="20 Feb 2019 13:50:25 GMT" time="34.140" errors="0">
  <testcase name="validLoginTest" time="34.140" classname="com.training.sanity.tests.TC052"/>
</testsuite> <!-- com.training.sanity.tests.TC052 -->
