<?xml version="1.0" encoding="UTF-8"?>
<!-- Generated by org.testng.reporters.JUnitReportReporter -->
<testsuite skipped="0" hostname="DESKTOP-TF5D0AR" name="com.training.sanity.tests.TC054" tests="1" failures="0" timestamp="27 Feb 2019 10:32:49 GMT" time="76.848" errors="0">
  <testcase name="validLoginTest" time="76.848" classname="com.training.sanity.tests.TC054"/>
</testsuite> <!-- com.training.sanity.tests.TC054 -->
