<?xml version="1.0" encoding="UTF-8"?>
<!-- Generated by org.testng.reporters.JUnitReportReporter -->
<testsuite skipped="0" hostname="DESKTOP-TF5D0AR" name="com.training.sanity.tests.TC024" tests="1" failures="0" timestamp="17 Feb 2019 17:08:08 GMT" time="16.816" errors="0">
  <testcase name="validLoginTest" time="16.816" classname="com.training.sanity.tests.TC024"/>
</testsuite> <!-- com.training.sanity.tests.TC024 -->
