<?xml version="1.0" encoding="UTF-8"?>
<!-- Generated by org.testng.reporters.JUnitReportReporter -->
<testsuite skipped="0" hostname="DESKTOP-TF5D0AR" name="com.training.sanity.tests.LoginTests22" tests="1" failures="0" timestamp="17 Feb 2019 16:40:39 GMT" time="16.735" errors="0">
  <testcase name="validLoginTest" time="16.735" classname="com.training.sanity.tests.LoginTests22"/>
</testsuite> <!-- com.training.sanity.tests.LoginTests22 -->
