<?xml version="1.0" encoding="UTF-8"?>
<!-- Generated by org.testng.reporters.JUnitReportReporter -->
<testsuite skipped="0" hostname="DESKTOP-TF5D0AR" name="com.training.sanity.tests.LoginTests24" tests="1" failures="0" timestamp="17 Feb 2019 16:44:24 GMT" time="16.460" errors="0">
  <testcase name="validLoginTest" time="16.460" classname="com.training.sanity.tests.LoginTests24"/>
</testsuite> <!-- com.training.sanity.tests.LoginTests24 -->
