<?xml version="1.0" encoding="UTF-8"?>
<!-- Generated by org.testng.reporters.JUnitReportReporter -->
<testsuite skipped="0" hostname="DESKTOP-TF5D0AR" name="com.training.sanity.tests.TC025" tests="1" failures="0" timestamp="18 Feb 2019 05:06:06 GMT" time="17.216" errors="0">
  <testcase name="validLoginTest" time="17.216" classname="com.training.sanity.tests.TC025"/>
</testsuite> <!-- com.training.sanity.tests.TC025 -->
