<?xml version="1.0" encoding="UTF-8"?>
<!-- Generated by org.testng.reporters.JUnitReportReporter -->
<testsuite skipped="0" hostname="DESKTOP-TF5D0AR" name="com.training.sanity.tests.TC025" tests="1" failures="0" timestamp="19 Feb 2019 09:27:17 GMT" time="16.957" errors="0">
  <testcase name="validLoginTest" time="16.957" classname="com.training.sanity.tests.TC025"/>
</testsuite> <!-- com.training.sanity.tests.TC025 -->
