<?xml version="1.0" encoding="UTF-8"?>
<!-- Generated by org.testng.reporters.JUnitReportReporter -->
<testsuite skipped="0" hostname="DESKTOP-TF5D0AR" name="com.training.sanity.tests.TC022" tests="1" failures="0" timestamp="18 Feb 2019 06:17:14 GMT" time="17.686" errors="0">
  <testcase name="validLoginTest" time="17.686" classname="com.training.sanity.tests.TC022"/>
</testsuite> <!-- com.training.sanity.tests.TC022 -->
