<?xml version="1.0" encoding="UTF-8"?>
<!-- Generated by org.testng.reporters.JUnitReportReporter -->
<testsuite skipped="0" hostname="DESKTOP-TF5D0AR" name="com.training.sanity.tests.LoginTests" tests="1" failures="0" timestamp="17 Feb 2019 16:49:19 GMT" time="16.605" errors="0">
  <testcase name="validLoginTest" time="16.605" classname="com.training.sanity.tests.LoginTests"/>
</testsuite> <!-- com.training.sanity.tests.LoginTests -->
