<?xml version="1.0" encoding="UTF-8"?>
<!-- Generated by org.testng.reporters.JUnitReportReporter -->
<testsuite skipped="0" hostname="DESKTOP-TF5D0AR" name="com.training.sanity.tests.TC055" tests="1" failures="0" timestamp="27 Feb 2019 12:22:51 GMT" time="87.959" errors="0">
  <testcase name="validLoginTest" time="87.959" classname="com.training.sanity.tests.TC055"/>
</testsuite> <!-- com.training.sanity.tests.TC055 -->
